Export time: 2021/07/07 23:12:36 EDT
Export duration: 66.638s

Export settings:
	Export Geometry: Models with Shape Fallback
	Output Path: C:\Users\Alan\Documents\CityEngine\Default Workspace\ESRI.lib\models
	Simplify Terrain Meshes: true
	Terrain Layers: Export all selected terrain layers
	applicationName: CityEngine
	applicationString: CityEngine 2020.1.6821 0928R
	applicationVendor: Esri R&D Center Zurich Inc.
	applicationVersion: 2020.1.6821 09281827
	atlasAddWrapBorder: true
	author: Alan
	baseName: Palmyra City Model- Basemap Layer Final
	collectTextures: true
	createShapeGroups: false
	createTextureAtlases: true
	embedTextures: false
	encoderID: com.esri.prt.codecs.FBXEncoder
	encoderName: Autodesk FBX
	errorFallback: true
	existingFiles: OVERWRITE
	facesWithHoles: TRIANGULATE_FACES_WITH_HOLES
	fileGranularity: MEMORY_BUDGET
	fileType: BINARY
	globalOffset: [ 0.0, 0.0, 0.0 ]
	includeMaterials: true
	localOffset: NONE
	maxAtlasDim: 11
	memoryBudget: 500
	mergeNormals: true
	mergeTexcoords: true
	mergeVertices: true
	meshGranularity: INSTANCED
	normalPrecision: 0.001
	normalsIndexing: INDEXED
	outputPath: 
	sceneFile: /ESRI.lib/scenes/Palmyra 3-5.cej
	script: 
	shapeNameDelimiter: _
	tempPath: 
	texcoordPrecision: 1.0E-4
	textureCoordinates: ALL
	triangulateMeshes: false
	vertexNormals: SET_MISSING
	vertexPrecision: 0.001
	writeLog: true

Initial shapes:
	0 :   OK                'Terrain Imagery17'             OID 'f492cbb4-4318-11b9-95c6-002e99489b76'



Files created:
	'Palmyra City Model- Basemap Layer Final_0.fbx':
		Initial shapes:
			0, 
		GEOMETRY:
			Total Meshes: 1
			Total Polygons: 226912
			  | Name                           | Instance Occurrences | Material                          | Polygons 
			==+================================+======================+===================================+==========
			1  'mesh_CityEngineTerrainMaterial'                     1  'CityEngineTerrainMaterial_mat(1),'    226912 
		MATERIAL:
			Total Materials: 1
			  | Name                          | Texture_0   
			==+===============================+=============
			1  'CityEngineTerrainMaterial_mat' 'texture.jpg'